{"/Users/andrian/Personal/Project/Hangry-Test/config/config.js": {"path":"/Users/andrian/Personal/Project/Hangry-Test/config/config.js","statementMap":{"0":{"start":{"line":1,"column":0},"end":{"line":1,"column":27}},"1":{"start":{"line":3,"column":0},"end":{"line":37,"column":2}}},"fnMap":{},"branchMap":{"0":{"loc":{"start":{"line":16,"column":13},"end":{"line":16,"column":49}},"type":"binary-expr","locations":[{"start":{"line":16,"column":13},"end":{"line":16,"column":35}},{"start":{"line":16,"column":39},"end":{"line":16,"column":49}}],"line":16},"1":{"loc":{"start":{"line":29,"column":13},"end":{"line":29,"column":49}},"type":"binary-expr","locations":[{"start":{"line":29,"column":13},"end":{"line":29,"column":35}},{"start":{"line":29,"column":39},"end":{"line":29,"column":49}}],"line":29}},"s":{"0":1,"1":1},"f":{},"b":{"0":[1,1],"1":[1,1]},"_coverageSchema":"1a1c01bbd47fc00a2c39e90264f33305004495a9","hash":"12cab2889f2e93723afca04992962e0430aeb3dd"}
,"/Users/andrian/Personal/Project/Hangry-Test/src/controllers/ruleController.js": {"path":"/Users/andrian/Personal/Project/Hangry-Test/src/controllers/ruleController.js","statementMap":{"0":{"start":{"line":1,"column":17},"end":{"line":1,"column":61}},"1":{"start":{"line":2,"column":17},"end":{"line":2,"column":37}},"2":{"start":{"line":6,"column":4},"end":{"line":30,"column":5}},"3":{"start":{"line":7,"column":60},"end":{"line":7,"column":68}},"4":{"start":{"line":8,"column":6},"end":{"line":18,"column":7}},"5":{"start":{"line":17,"column":8},"end":{"line":17,"column":70}},"6":{"start":{"line":20,"column":22},"end":{"line":25,"column":8}},"7":{"start":{"line":27,"column":6},"end":{"line":27,"column":78}},"8":{"start":{"line":29,"column":6},"end":{"line":29,"column":53}},"9":{"start":{"line":34,"column":4},"end":{"line":39,"column":5}},"10":{"start":{"line":35,"column":20},"end":{"line":35,"column":40}},"11":{"start":{"line":36,"column":6},"end":{"line":36,"column":34}},"12":{"start":{"line":38,"column":6},"end":{"line":38,"column":53}},"13":{"start":{"line":43,"column":38},"end":{"line":43,"column":46}},"14":{"start":{"line":44,"column":4},"end":{"line":54,"column":5}},"15":{"start":{"line":45,"column":6},"end":{"line":50,"column":9}},"16":{"start":{"line":51,"column":6},"end":{"line":51,"column":67}},"17":{"start":{"line":53,"column":6},"end":{"line":53,"column":51}},"18":{"start":{"line":58,"column":35},"end":{"line":58,"column":43}},"19":{"start":{"line":60,"column":4},"end":{"line":65,"column":5}},"20":{"start":{"line":61,"column":6},"end":{"line":61,"column":68}},"21":{"start":{"line":62,"column":6},"end":{"line":62,"column":74}},"22":{"start":{"line":64,"column":6},"end":{"line":64,"column":51}},"23":{"start":{"line":69,"column":0},"end":{"line":69,"column":32}}},"fnMap":{"0":{"name":"(anonymous_0)","decl":{"start":{"line":5,"column":2},"end":{"line":5,"column":3}},"loc":{"start":{"line":5,"column":42},"end":{"line":31,"column":3}},"line":5},"1":{"name":"(anonymous_1)","decl":{"start":{"line":33,"column":2},"end":{"line":33,"column":3}},"loc":{"start":{"line":33,"column":43},"end":{"line":40,"column":3}},"line":33},"2":{"name":"(anonymous_2)","decl":{"start":{"line":42,"column":2},"end":{"line":42,"column":3}},"loc":{"start":{"line":42,"column":35},"end":{"line":55,"column":3}},"line":42},"3":{"name":"(anonymous_3)","decl":{"start":{"line":57,"column":2},"end":{"line":57,"column":3}},"loc":{"start":{"line":57,"column":42},"end":{"line":66,"column":3}},"line":57}},"branchMap":{"0":{"loc":{"start":{"line":7,"column":40},"end":{"line":7,"column":55}},"type":"default-arg","locations":[{"start":{"line":7,"column":51},"end":{"line":7,"column":55}}],"line":7},"1":{"loc":{"start":{"line":8,"column":6},"end":{"line":18,"column":7}},"type":"if","locations":[{"start":{"line":8,"column":6},"end":{"line":18,"column":7}},{"start":{},"end":{}}],"line":8},"2":{"loc":{"start":{"line":9,"column":8},"end":{"line":15,"column":31}},"type":"binary-expr","locations":[{"start":{"line":9,"column":8},"end":{"line":9,"column":32}},{"start":{"line":10,"column":8},"end":{"line":10,"column":20}},{"start":{"line":11,"column":8},"end":{"line":11,"column":37}},{"start":{"line":12,"column":8},"end":{"line":12,"column":31}},{"start":{"line":13,"column":8},"end":{"line":13,"column":28}},{"start":{"line":14,"column":8},"end":{"line":14,"column":18}},{"start":{"line":15,"column":8},"end":{"line":15,"column":31}}],"line":9}},"s":{"0":1,"1":1,"2":3,"3":3,"4":3,"5":1,"6":2,"7":1,"8":1,"9":2,"10":2,"11":1,"12":1,"13":2,"14":2,"15":2,"16":1,"17":1,"18":2,"19":2,"20":2,"21":1,"22":1,"23":1},"f":{"0":3,"1":2,"2":2,"3":2},"b":{"0":[3],"1":[1,2],"2":[3,3,2,2,2,2,2]},"_coverageSchema":"1a1c01bbd47fc00a2c39e90264f33305004495a9","hash":"7f5f649eb8c1415874f2263f9f0083f85589c8f2"}
,"/Users/andrian/Personal/Project/Hangry-Test/src/helper/bcrypt.js": {"path":"/Users/andrian/Personal/Project/Hangry-Test/src/helper/bcrypt.js","statementMap":{"0":{"start":{"line":1,"column":15},"end":{"line":1,"column":34}},"1":{"start":{"line":2,"column":21},"end":{"line":2,"column":64}},"2":{"start":{"line":2,"column":35},"end":{"line":2,"column":64}},"3":{"start":{"line":4,"column":20},"end":{"line":5,"column":46}},"4":{"start":{"line":5,"column":2},"end":{"line":5,"column":46}},"5":{"start":{"line":7,"column":0},"end":{"line":7,"column":47}}},"fnMap":{"0":{"name":"(anonymous_0)","decl":{"start":{"line":2,"column":21},"end":{"line":2,"column":22}},"loc":{"start":{"line":2,"column":35},"end":{"line":2,"column":64}},"line":2},"1":{"name":"(anonymous_1)","decl":{"start":{"line":4,"column":20},"end":{"line":4,"column":21}},"loc":{"start":{"line":5,"column":2},"end":{"line":5,"column":46}},"line":5}},"branchMap":{},"s":{"0":1,"1":1,"2":0,"3":1,"4":0,"5":1},"f":{"0":0,"1":0},"b":{},"_coverageSchema":"1a1c01bbd47fc00a2c39e90264f33305004495a9","hash":"62b88034170440e827fb1aa8b8c6382df37cf1a0"}
,"/Users/andrian/Personal/Project/Hangry-Test/src/infrastucture/message/rabbitmq.js": {"path":"/Users/andrian/Personal/Project/Hangry-Test/src/infrastucture/message/rabbitmq.js","statementMap":{"0":{"start":{"line":1,"column":13},"end":{"line":1,"column":31}},"1":{"start":{"line":6,"column":2},"end":{"line":12,"column":3}},"2":{"start":{"line":7,"column":23},"end":{"line":7,"column":67}},"3":{"start":{"line":8,"column":4},"end":{"line":8,"column":47}},"4":{"start":{"line":9,"column":4},"end":{"line":9,"column":52}},"5":{"start":{"line":11,"column":4},"end":{"line":11,"column":63}},"6":{"start":{"line":16,"column":2},"end":{"line":19,"column":3}},"7":{"start":{"line":17,"column":4},"end":{"line":17,"column":59}},"8":{"start":{"line":18,"column":4},"end":{"line":18,"column":11}},"9":{"start":{"line":20,"column":2},"end":{"line":20,"column":35}},"10":{"start":{"line":21,"column":2},"end":{"line":21,"column":67}},"11":{"start":{"line":22,"column":2},"end":{"line":22,"column":66}},"12":{"start":{"line":26,"column":2},"end":{"line":29,"column":3}},"13":{"start":{"line":27,"column":4},"end":{"line":27,"column":59}},"14":{"start":{"line":28,"column":4},"end":{"line":28,"column":11}},"15":{"start":{"line":30,"column":2},"end":{"line":30,"column":35}},"16":{"start":{"line":31,"column":2},"end":{"line":37,"column":5}},"17":{"start":{"line":32,"column":4},"end":{"line":36,"column":5}},"18":{"start":{"line":33,"column":22},"end":{"line":33,"column":56}},"19":{"start":{"line":34,"column":6},"end":{"line":34,"column":30}},"20":{"start":{"line":35,"column":6},"end":{"line":35,"column":23}},"21":{"start":{"line":38,"column":2},"end":{"line":38,"column":69}},"22":{"start":{"line":41,"column":0},"end":{"line":41,"column":47}}},"fnMap":{"0":{"name":"connect","decl":{"start":{"line":5,"column":15},"end":{"line":5,"column":22}},"loc":{"start":{"line":5,"column":25},"end":{"line":13,"column":1}},"line":5},"1":{"name":"publish","decl":{"start":{"line":15,"column":15},"end":{"line":15,"column":22}},"loc":{"start":{"line":15,"column":39},"end":{"line":23,"column":1}},"line":15},"2":{"name":"consume","decl":{"start":{"line":25,"column":15},"end":{"line":25,"column":22}},"loc":{"start":{"line":25,"column":40},"end":{"line":39,"column":1}},"line":25},"3":{"name":"(anonymous_3)","decl":{"start":{"line":31,"column":25},"end":{"line":31,"column":26}},"loc":{"start":{"line":31,"column":40},"end":{"line":37,"column":3}},"line":31}},"branchMap":{"0":{"loc":{"start":{"line":16,"column":2},"end":{"line":19,"column":3}},"type":"if","locations":[{"start":{"line":16,"column":2},"end":{"line":19,"column":3}},{"start":{},"end":{}}],"line":16},"1":{"loc":{"start":{"line":26,"column":2},"end":{"line":29,"column":3}},"type":"if","locations":[{"start":{"line":26,"column":2},"end":{"line":29,"column":3}},{"start":{},"end":{}}],"line":26},"2":{"loc":{"start":{"line":32,"column":4},"end":{"line":36,"column":5}},"type":"if","locations":[{"start":{"line":32,"column":4},"end":{"line":36,"column":5}},{"start":{},"end":{}}],"line":32}},"s":{"0":1,"1":0,"2":0,"3":0,"4":0,"5":0,"6":0,"7":0,"8":0,"9":0,"10":0,"11":0,"12":0,"13":0,"14":0,"15":0,"16":0,"17":0,"18":0,"19":0,"20":0,"21":0,"22":1},"f":{"0":0,"1":0,"2":0,"3":0},"b":{"0":[0,0],"1":[0,0],"2":[0,0]},"_coverageSchema":"1a1c01bbd47fc00a2c39e90264f33305004495a9","hash":"7f49cbf31a4bcbc946bf6d6d6cbf3db44f010c0f"}
,"/Users/andrian/Personal/Project/Hangry-Test/src/models/index.js": {"path":"/Users/andrian/Personal/Project/Hangry-Test/src/models/index.js","statementMap":{"0":{"start":{"line":3,"column":11},"end":{"line":3,"column":24}},"1":{"start":{"line":4,"column":13},"end":{"line":4,"column":28}},"2":{"start":{"line":5,"column":18},"end":{"line":5,"column":38}},"3":{"start":{"line":6,"column":17},"end":{"line":6,"column":42}},"4":{"start":{"line":7,"column":12},"end":{"line":7,"column":49}},"5":{"start":{"line":8,"column":15},"end":{"line":8,"column":53}},"6":{"start":{"line":9,"column":11},"end":{"line":9,"column":24}},"7":{"start":{"line":11,"column":11},"end":{"line":11,"column":13}},"8":{"start":{"line":14,"column":0},"end":{"line":26,"column":1}},"9":{"start":{"line":15,"column":2},"end":{"line":19,"column":5}},"10":{"start":{"line":21,"column":2},"end":{"line":25,"column":5}},"11":{"start":{"line":28,"column":0},"end":{"line":40,"column":5}},"12":{"start":{"line":30,"column":4},"end":{"line":32,"column":6}},"13":{"start":{"line":35,"column":18},"end":{"line":38,"column":5}},"14":{"start":{"line":39,"column":4},"end":{"line":39,"column":27}},"15":{"start":{"line":42,"column":0},"end":{"line":46,"column":3}},"16":{"start":{"line":43,"column":2},"end":{"line":45,"column":3}},"17":{"start":{"line":44,"column":4},"end":{"line":44,"column":32}},"18":{"start":{"line":48,"column":0},"end":{"line":48,"column":25}},"19":{"start":{"line":49,"column":0},"end":{"line":49,"column":25}},"20":{"start":{"line":51,"column":0},"end":{"line":51,"column":20}}},"fnMap":{"0":{"name":"(anonymous_0)","decl":{"start":{"line":29,"column":10},"end":{"line":29,"column":11}},"loc":{"start":{"line":29,"column":20},"end":{"line":33,"column":3}},"line":29},"1":{"name":"(anonymous_1)","decl":{"start":{"line":34,"column":11},"end":{"line":34,"column":12}},"loc":{"start":{"line":34,"column":21},"end":{"line":40,"column":3}},"line":34},"2":{"name":"(anonymous_2)","decl":{"start":{"line":42,"column":24},"end":{"line":42,"column":25}},"loc":{"start":{"line":42,"column":39},"end":{"line":46,"column":1}},"line":42}},"branchMap":{"0":{"loc":{"start":{"line":7,"column":12},"end":{"line":7,"column":49}},"type":"binary-expr","locations":[{"start":{"line":7,"column":12},"end":{"line":7,"column":32}},{"start":{"line":7,"column":36},"end":{"line":7,"column":49}}],"line":7},"1":{"loc":{"start":{"line":14,"column":0},"end":{"line":26,"column":1}},"type":"if","locations":[{"start":{"line":14,"column":0},"end":{"line":26,"column":1}},{"start":{"line":20,"column":7},"end":{"line":26,"column":1}}],"line":14},"2":{"loc":{"start":{"line":31,"column":6},"end":{"line":31,"column":78}},"type":"binary-expr","locations":[{"start":{"line":31,"column":6},"end":{"line":31,"column":29}},{"start":{"line":31,"column":33},"end":{"line":31,"column":50}},{"start":{"line":31,"column":54},"end":{"line":31,"column":78}}],"line":31},"3":{"loc":{"start":{"line":43,"column":2},"end":{"line":45,"column":3}},"type":"if","locations":[{"start":{"line":43,"column":2},"end":{"line":45,"column":3}},{"start":{},"end":{}}],"line":43}},"s":{"0":1,"1":1,"2":1,"3":1,"4":1,"5":1,"6":1,"7":1,"8":1,"9":0,"10":1,"11":1,"12":3,"13":2,"14":2,"15":1,"16":2,"17":2,"18":1,"19":1,"20":1},"f":{"0":3,"1":2,"2":2},"b":{"0":[1,0],"1":[0,1],"2":[3,3,2],"3":[2,0]},"_coverageSchema":"1a1c01bbd47fc00a2c39e90264f33305004495a9","hash":"474587a2d256cffc643cdf00f410bcc3c4f9ddde"}
,"/Users/andrian/Personal/Project/Hangry-Test/src/models/rule.js": {"path":"/Users/andrian/Personal/Project/Hangry-Test/src/models/rule.js","statementMap":{"0":{"start":{"line":2,"column":18},"end":{"line":2,"column":38}},"1":{"start":{"line":3,"column":0},"end":{"line":40,"column":2}},"2":{"start":{"line":14,"column":2},"end":{"line":38,"column":4}},"3":{"start":{"line":39,"column":2},"end":{"line":39,"column":14}}},"fnMap":{"0":{"name":"(anonymous_0)","decl":{"start":{"line":3,"column":17},"end":{"line":3,"column":18}},"loc":{"start":{"line":3,"column":43},"end":{"line":40,"column":1}},"line":3},"1":{"name":"(anonymous_1)","decl":{"start":{"line":10,"column":4},"end":{"line":10,"column":5}},"loc":{"start":{"line":10,"column":29},"end":{"line":12,"column":5}},"line":10}},"branchMap":{},"s":{"0":1,"1":1,"2":1,"3":1},"f":{"0":1,"1":1},"b":{},"_coverageSchema":"1a1c01bbd47fc00a2c39e90264f33305004495a9","hash":"6df1ade2dc5997310a10a6dc3e1a17aa576bb273"}
,"/Users/andrian/Personal/Project/Hangry-Test/src/models/user.js": {"path":"/Users/andrian/Personal/Project/Hangry-Test/src/models/user.js","statementMap":{"0":{"start":{"line":2,"column":18},"end":{"line":2,"column":38}},"1":{"start":{"line":3,"column":25},"end":{"line":3,"column":52}},"2":{"start":{"line":5,"column":0},"end":{"line":66,"column":2}},"3":{"start":{"line":16,"column":2},"end":{"line":64,"column":4}},"4":{"start":{"line":52,"column":10},"end":{"line":52,"column":62}},"5":{"start":{"line":53,"column":10},"end":{"line":53,"column":43}},"6":{"start":{"line":56,"column":10},"end":{"line":56,"column":62}},"7":{"start":{"line":57,"column":10},"end":{"line":57,"column":43}},"8":{"start":{"line":65,"column":2},"end":{"line":65,"column":14}}},"fnMap":{"0":{"name":"(anonymous_0)","decl":{"start":{"line":5,"column":17},"end":{"line":5,"column":18}},"loc":{"start":{"line":5,"column":43},"end":{"line":66,"column":1}},"line":5},"1":{"name":"(anonymous_1)","decl":{"start":{"line":12,"column":4},"end":{"line":12,"column":5}},"loc":{"start":{"line":12,"column":29},"end":{"line":14,"column":5}},"line":12},"2":{"name":"(anonymous_2)","decl":{"start":{"line":51,"column":8},"end":{"line":51,"column":9}},"loc":{"start":{"line":51,"column":40},"end":{"line":54,"column":9}},"line":51},"3":{"name":"(anonymous_3)","decl":{"start":{"line":55,"column":8},"end":{"line":55,"column":9}},"loc":{"start":{"line":55,"column":40},"end":{"line":58,"column":9}},"line":55}},"branchMap":{},"s":{"0":1,"1":1,"2":1,"3":1,"4":0,"5":0,"6":0,"7":0,"8":1},"f":{"0":1,"1":1,"2":0,"3":0},"b":{},"_coverageSchema":"1a1c01bbd47fc00a2c39e90264f33305004495a9","hash":"886ce58ae1809119c6dae9b8ede530f33520a93f"}
}
