TN:
SF:config/config.js
FNF:0
FNH:0
DA:1,1
DA:3,1
LF:2
LH:2
BRDA:16,0,0,1
BRDA:16,0,1,1
BRDA:29,1,0,1
BRDA:29,1,1,1
BRF:4
BRH:4
end_of_record
TN:
SF:src/controllers/ruleController.js
FN:5,(anonymous_0)
FN:33,(anonymous_1)
FN:42,(anonymous_2)
FN:57,(anonymous_3)
FNF:4
FNH:4
FNDA:3,(anonymous_0)
FNDA:2,(anonymous_1)
FNDA:2,(anonymous_2)
FNDA:2,(anonymous_3)
DA:1,1
DA:2,1
DA:6,3
DA:7,3
DA:8,3
DA:17,1
DA:20,2
DA:27,1
DA:29,1
DA:34,2
DA:35,2
DA:36,1
DA:38,1
DA:43,2
DA:44,2
DA:45,2
DA:51,1
DA:53,1
DA:58,2
DA:60,2
DA:61,2
DA:62,1
DA:64,1
DA:69,1
LF:24
LH:24
BRDA:7,0,0,3
BRDA:8,1,0,1
BRDA:8,1,1,2
BRDA:9,2,0,3
BRDA:9,2,1,3
BRDA:9,2,2,2
BRDA:9,2,3,2
BRDA:9,2,4,2
BRDA:9,2,5,2
BRDA:9,2,6,2
BRF:10
BRH:10
end_of_record
TN:
SF:src/helper/bcrypt.js
FN:2,(anonymous_0)
FN:4,(anonymous_1)
FNF:2
FNH:0
FNDA:0,(anonymous_0)
FNDA:0,(anonymous_1)
DA:1,1
DA:2,1
DA:4,1
DA:5,0
DA:7,1
LF:5
LH:4
BRF:0
BRH:0
end_of_record
TN:
SF:src/infrastucture/message/rabbitmq.js
FN:5,connect
FN:15,publish
FN:25,consume
FN:31,(anonymous_3)
FNF:4
FNH:0
FNDA:0,connect
FNDA:0,publish
FNDA:0,consume
FNDA:0,(anonymous_3)
DA:1,1
DA:6,0
DA:7,0
DA:8,0
DA:9,0
DA:11,0
DA:16,0
DA:17,0
DA:18,0
DA:20,0
DA:21,0
DA:22,0
DA:26,0
DA:27,0
DA:28,0
DA:30,0
DA:31,0
DA:32,0
DA:33,0
DA:34,0
DA:35,0
DA:38,0
DA:41,1
LF:23
LH:2
BRDA:16,0,0,0
BRDA:16,0,1,0
BRDA:26,1,0,0
BRDA:26,1,1,0
BRDA:32,2,0,0
BRDA:32,2,1,0
BRF:6
BRH:0
end_of_record
TN:
SF:src/models/index.js
FN:29,(anonymous_0)
FN:34,(anonymous_1)
FN:42,(anonymous_2)
FNF:3
FNH:3
FNDA:3,(anonymous_0)
FNDA:2,(anonymous_1)
FNDA:2,(anonymous_2)
DA:3,1
DA:4,1
DA:5,1
DA:6,1
DA:7,1
DA:8,1
DA:9,1
DA:11,1
DA:14,1
DA:15,0
DA:21,1
DA:28,1
DA:30,3
DA:35,2
DA:39,2
DA:42,1
DA:43,2
DA:44,2
DA:48,1
DA:49,1
DA:51,1
LF:21
LH:20
BRDA:7,0,0,1
BRDA:7,0,1,0
BRDA:14,1,0,0
BRDA:14,1,1,1
BRDA:31,2,0,3
BRDA:31,2,1,3
BRDA:31,2,2,2
BRDA:43,3,0,2
BRDA:43,3,1,0
BRF:9
BRH:6
end_of_record
TN:
SF:src/models/rule.js
FN:3,(anonymous_0)
FN:10,(anonymous_1)
FNF:2
FNH:2
FNDA:1,(anonymous_0)
FNDA:1,(anonymous_1)
DA:2,1
DA:3,1
DA:14,1
DA:39,1
LF:4
LH:4
BRF:0
BRH:0
end_of_record
TN:
SF:src/models/user.js
FN:5,(anonymous_0)
FN:12,(anonymous_1)
FN:51,(anonymous_2)
FN:55,(anonymous_3)
FNF:4
FNH:2
FNDA:1,(anonymous_0)
FNDA:1,(anonymous_1)
FNDA:0,(anonymous_2)
FNDA:0,(anonymous_3)
DA:2,1
DA:3,1
DA:5,1
DA:16,1
DA:52,0
DA:53,0
DA:56,0
DA:57,0
DA:65,1
LF:9
LH:5
BRF:0
BRH:0
end_of_record
